<?xml version="1.0" encoding="UTF-8"?>
<testsuite name="SILab2Test" tests="2" skipped="0" failures="0" errors="0" timestamp="2020-06-11T18:21:18" hostname="DESKTOP-3VIULEE" time="0.054">
  <properties/>
  <testcase name="everyStatementTest()" classname="SILab2Test" time="0.048"/>
  <testcase name="everyBranchTest()" classname="SILab2Test" time="0.004"/>
  <system-out><![CDATA[]]></system-out>
  <system-err><![CDATA[]]></system-err>
</testsuite>
